<!DOCTYPE html>
<html>
<head>
<meta http-equiv="Content-Type" content="text/html; charset=utf-8"/>
<meta http-equiv="x-ua-compatible" content="IE=edge"/>
<title>Test results - Class IntIntSnapTreeMapTest</title>
<link href="../css/base-style.css" rel="stylesheet" type="text/css"/>
<link href="../css/style.css" rel="stylesheet" type="text/css"/>
<script src="../js/report.js" type="text/javascript"></script>
</head>
<body>
<div id="content">
<h1>Class IntIntSnapTreeMapTest</h1>
<div class="breadcrumbs">
<a href="../index.html">all</a> &gt; 
<a href="../packages/default-package.html">default-package</a> &gt; IntIntSnapTreeMapTest</div>
<div id="summary">
<table>
<tr>
<td>
<div class="summaryGroup">
<table>
<tr>
<td>
<div class="infoBox" id="tests">
<div class="counter">1</div>
<p>tests</p>
</div>
</td>
<td>
<div class="infoBox" id="failures">
<div class="counter">1</div>
<p>failures</p>
</div>
</td>
<td>
<div class="infoBox" id="ignored">
<div class="counter">0</div>
<p>ignored</p>
</div>
</td>
<td>
<div class="infoBox" id="duration">
<div class="counter">0.973s</div>
<p>duration</p>
</div>
</td>
</tr>
</table>
</div>
</td>
<td>
<div class="infoBox failures" id="successRate">
<div class="percent">0%</div>
<p>successful</p>
</div>
</td>
</tr>
</table>
</div>
<div id="tabs">
<ul class="tabLinks">
<li>
<a href="#tab0">Failed tests</a>
</li>
<li>
<a href="#tab1">Tests</a>
</li>
<li>
<a href="#tab2">Standard output</a>
</li>
<li>
<a href="#tab3">Standard error</a>
</li>
</ul>
<div id="tab0" class="tab">
<h2>Failed tests</h2>
<div class="test">
<a name="runModelCheckingTest"></a>
<h3 class="failures">runModelCheckingTest</h3>
<span class="code">
<pre>org.jetbrains.kotlinx.lincheck.LincheckAssertionError: 
= The execution failed with an unexpected exception =
Execution scenario (init part):
[putIfAbsent(2, 4), putIfAbsent(4, 2)]
Execution scenario (parallel part):
| putIfAbsent(6, 4) | lastKey() |
| remove(4)         |           |

java.lang.AssertionError
	at SnapTree.SnapTreeMap.attemptExtreme(SnapTreeMap.java:703)
	at SnapTree.SnapTreeMap.attemptExtreme(SnapTreeMap.java:727)
	at SnapTree.SnapTreeMap.extreme(SnapTreeMap.java:676)
	at SnapTree.SnapTreeMap.extremeKeyOrThrow(SnapTreeMap.java:654)
	at SnapTree.SnapTreeMap.lastKey(SnapTreeMap.java:645)
	at IntIntSnapTreeMapTest.lastKey(IntIntSnapTreeMapTest.kt:44)
	at org.jetbrains.kotlinx.lincheck.runner.TestThreadExecution1.run(Unknown Source)
	at org.jetbrains.kotlinx.lincheck.runner.FixedActiveThreadsExecutor$testThreadRunnable$1.run(FixedActiveThreadsExecutor.kt:173)
	at java.lang.Thread.run(Thread.java:748)


= The following interleaving leads to the error =
Parallel part trace:
|                      | lastKey()                                                                                                           |
|                      |   lastKey(): threw AssertionError at IntIntSnapTreeMapTest.lastKey(IntIntSnapTreeMapTest.kt:44)                     |
|                      |     extremeKeyOrThrow(R): threw AssertionError at SnapTreeMap.lastKey(SnapTreeMap.java:645)                         |
|                      |       extreme(true,R): threw AssertionError at SnapTreeMap.extremeKeyOrThrow(SnapTreeMap.java:654)                  |
|                      |         holderRef.READ: COWMgr@1 at SnapTreeMap.extreme(SnapTreeMap.java:666)                                       |
|                      |         read(): RootHolder@1 at SnapTreeMap.extreme(SnapTreeMap.java:666)                                           |
|                      |         right.READ: Node@1 at SnapTreeMap.extreme(SnapTreeMap.java:666)                                             |
|                      |         shrinkOVL.READ: 0 at SnapTreeMap.extreme(SnapTreeMap.java:670)                                              |
|                      |         holderRef.READ: COWMgr@1 at SnapTreeMap.extreme(SnapTreeMap.java:674)                                       |
|                      |         read(): RootHolder@1 at SnapTreeMap.extreme(SnapTreeMap.java:674)                                           |
|                      |         right.READ: Node@1 at SnapTreeMap.extreme(SnapTreeMap.java:674)                                             |
|                      |         attemptExtreme(true,R,Node@1,0): threw AssertionError at SnapTreeMap.extreme(SnapTreeMap.java:676)          |
|                      |           child(R): Node@2 at SnapTreeMap.attemptExtreme(SnapTreeMap.java:691)                                      |
|                      |           shrinkOVL.READ: 0 at SnapTreeMap.attemptExtreme(SnapTreeMap.java:708)                                     |
|                      |           child(R): Node@2 at SnapTreeMap.attemptExtreme(SnapTreeMap.java:716)                                      |
|                      |           shrinkOVL.READ: 0 at SnapTreeMap.attemptExtreme(SnapTreeMap.java:723)                                     |
|                      |           attemptExtreme(true,R,Node@2,0): threw AssertionError at SnapTreeMap.attemptExtreme(SnapTreeMap.java:727) |
|                      |             child(R): null at SnapTreeMap.attemptExtreme(SnapTreeMap.java:691)                                      |
|                      |             switch                                                                                                  |
| putIfAbsent(6, 4)    |                                                                                                                     |
| remove(4)            |                                                                                                                     |
|   thread is finished |                                                                                                                     |
|                      |             vOpt.READ: null at SnapTreeMap.attemptExtreme(SnapTreeMap.java:697)                                     |
|                      |             shrinkOVL.READ: 0 at SnapTreeMap.attemptExtreme(SnapTreeMap.java:699)                                   |
	at org.jetbrains.kotlinx.lincheck.LinChecker.check(LinChecker.kt:50)
	at org.jetbrains.kotlinx.lincheck.LinChecker$Companion.check(LinChecker.kt:210)
	at org.jetbrains.kotlinx.lincheck.LinCheckerKt.check(LinChecker.kt:223)
	at IntIntSnapTreeMapTest.runModelCheckingTest(IntIntSnapTreeMapTest.kt:86)
	at sun.reflect.NativeMethodAccessorImpl.invoke0(Native Method)
	at sun.reflect.NativeMethodAccessorImpl.invoke(NativeMethodAccessorImpl.java:62)
	at sun.reflect.DelegatingMethodAccessorImpl.invoke(DelegatingMethodAccessorImpl.java:43)
	at java.lang.reflect.Method.invoke(Method.java:498)
	at org.junit.runners.model.FrameworkMethod$1.runReflectiveCall(FrameworkMethod.java:50)
	at org.junit.internal.runners.model.ReflectiveCallable.run(ReflectiveCallable.java:12)
	at org.junit.runners.model.FrameworkMethod.invokeExplosively(FrameworkMethod.java:47)
	at org.junit.internal.runners.statements.InvokeMethod.evaluate(InvokeMethod.java:17)
	at org.junit.runners.ParentRunner.runLeaf(ParentRunner.java:325)
	at org.junit.runners.BlockJUnit4ClassRunner.runChild(BlockJUnit4ClassRunner.java:78)
	at org.junit.runners.BlockJUnit4ClassRunner.runChild(BlockJUnit4ClassRunner.java:57)
	at org.junit.runners.ParentRunner$3.run(ParentRunner.java:290)
	at org.junit.runners.ParentRunner$1.schedule(ParentRunner.java:71)
	at org.junit.runners.ParentRunner.runChildren(ParentRunner.java:288)
	at org.junit.runners.ParentRunner.access$000(ParentRunner.java:58)
	at org.junit.runners.ParentRunner$2.evaluate(ParentRunner.java:268)
	at org.junit.runners.ParentRunner.run(ParentRunner.java:363)
	at org.gradle.api.internal.tasks.testing.junit.JUnitTestClassExecutor.runTestClass(JUnitTestClassExecutor.java:110)
	at org.gradle.api.internal.tasks.testing.junit.JUnitTestClassExecutor.execute(JUnitTestClassExecutor.java:58)
	at org.gradle.api.internal.tasks.testing.junit.JUnitTestClassExecutor.execute(JUnitTestClassExecutor.java:38)
	at org.gradle.api.internal.tasks.testing.junit.AbstractJUnitTestClassProcessor.processTestClass(AbstractJUnitTestClassProcessor.java:62)
	at org.gradle.api.internal.tasks.testing.SuiteTestClassProcessor.processTestClass(SuiteTestClassProcessor.java:51)
	at sun.reflect.NativeMethodAccessorImpl.invoke0(Native Method)
	at sun.reflect.NativeMethodAccessorImpl.invoke(NativeMethodAccessorImpl.java:62)
	at sun.reflect.DelegatingMethodAccessorImpl.invoke(DelegatingMethodAccessorImpl.java:43)
	at java.lang.reflect.Method.invoke(Method.java:498)
	at org.gradle.internal.dispatch.ReflectionDispatch.dispatch(ReflectionDispatch.java:36)
	at org.gradle.internal.dispatch.ReflectionDispatch.dispatch(ReflectionDispatch.java:24)
	at org.gradle.internal.dispatch.ContextClassLoaderDispatch.dispatch(ContextClassLoaderDispatch.java:33)
	at org.gradle.internal.dispatch.ProxyDispatchAdapter$DispatchingInvocationHandler.invoke(ProxyDispatchAdapter.java:94)
	at com.sun.proxy.$Proxy2.processTestClass(Unknown Source)
	at org.gradle.api.internal.tasks.testing.worker.TestWorker.processTestClass(TestWorker.java:119)
	at sun.reflect.NativeMethodAccessorImpl.invoke0(Native Method)
	at sun.reflect.NativeMethodAccessorImpl.invoke(NativeMethodAccessorImpl.java:62)
	at sun.reflect.DelegatingMethodAccessorImpl.invoke(DelegatingMethodAccessorImpl.java:43)
	at java.lang.reflect.Method.invoke(Method.java:498)
	at org.gradle.internal.dispatch.ReflectionDispatch.dispatch(ReflectionDispatch.java:36)
	at org.gradle.internal.dispatch.ReflectionDispatch.dispatch(ReflectionDispatch.java:24)
	at org.gradle.internal.remote.internal.hub.MessageHubBackedObjectConnection$DispatchWrapper.dispatch(MessageHubBackedObjectConnection.java:182)
	at org.gradle.internal.remote.internal.hub.MessageHubBackedObjectConnection$DispatchWrapper.dispatch(MessageHubBackedObjectConnection.java:164)
	at org.gradle.internal.remote.internal.hub.MessageHub$Handler.run(MessageHub.java:414)
	at org.gradle.internal.concurrent.ExecutorPolicy$CatchAndRecordFailures.onExecute(ExecutorPolicy.java:64)
	at org.gradle.internal.concurrent.ManagedExecutorImpl$1.run(ManagedExecutorImpl.java:48)
	at java.util.concurrent.ThreadPoolExecutor.runWorker(ThreadPoolExecutor.java:1149)
	at java.util.concurrent.ThreadPoolExecutor$Worker.run(ThreadPoolExecutor.java:624)
	at org.gradle.internal.concurrent.ThreadFactoryImpl$ManagedThreadRunnable.run(ThreadFactoryImpl.java:56)
	at java.lang.Thread.run(Thread.java:748)
</pre>
</span>
</div>
</div>
<div id="tab1" class="tab">
<h2>Tests</h2>
<table>
<thead>
<tr>
<th>Test</th>
<th>Duration</th>
<th>Result</th>
</tr>
</thead>
<tr>
<td class="failures">runModelCheckingTest</td>
<td class="failures">0.973s</td>
<td class="failures">failed</td>
</tr>
</table>
</div>
<div id="tab2" class="tab">
<h2>Standard output</h2>
<span class="code">
<pre>
= Iteration 1 / 1 =
Execution scenario (init part):
[putIfAbsent(2, 4), putIfAbsent(4, 2)]
Execution scenario (parallel part):
| putIfAbsent(6, 4) | lastKey() |
| remove(4)         |           |

</pre>
</span>
</div>
<div id="tab3" class="tab">
<h2>Standard error</h2>
<span class="code">
<pre>To make verification faster, you can specify the state equivalence relation on your sequential specification.
At the current moment, `IntIntSnapTreeMapTest` does not specify it, or the equivalence relation implementation is incorrect.
To fix this, please implement `equals()` and `hashCode()` functions on `IntIntSnapTreeMapTest`; the simplest way is to extend `VerifierState`
and override the `extractState()` function, which is called at once and the result of which is used for further `equals()` and `hashCode()` invocations.
</pre>
</span>
</div>
</div>
<div id="footer">
<p>
<div>
<label class="hidden" id="label-for-line-wrapping-toggle" for="line-wrapping-toggle">Wrap lines
<input id="line-wrapping-toggle" type="checkbox" autocomplete="off"/>
</label>
</div>Generated by 
<a href="http://www.gradle.org">Gradle 6.8</a> at 03.08.2021 21:02:03</p>
</div>
</div>
</body>
</html>
